# JRE version: OpenJDK Runtime Environment Temurin-21.0.9+10 (21.0.9+10) (build 21.0.9+10-LTS)
# Java VM: OpenJDK 64-Bit Server VM Temurin-21.0.9+10 (21.0.9+10-LTS, mixed mode, sharing, tiered, compressed oops, compressed class ptrs, parallel gc, windows-amd64)
GC Precious Log:
 CardTable entry size: 512
 CPUs: 12 total, 12 available
 Memory: 16190M
 Large Page Support: Disabled
 NUMA Support: Disabled
 Compressed Oops: Enabled (32-bit)
 Alignments: Space 512K, Generation 512K, Heap 2M
 Heap Min Capacity: 100M
 Heap Initial Capacity: 100M
 Heap Max Capacity: 2G
 Pre-touch: Disabled
 Parallel Workers: 10
Heap:
 PSYoungGen      total 6656K, used 3778K [0x00000000d5580000, 0x00000000d5d00000, 0x0000000100000000)
  eden space 5632K, 50% used [0x00000000d5580000,0x00000000d5840498,0x00000000d5b00000)
  from space 1024K, 93% used [0x00000000d5c00000,0x00000000d5cf06e0,0x00000000d5d00000)
  to   space 1024K, 0% used [0x00000000d5b00000,0x00000000d5b00000,0x00000000d5c00000)
 ParOldGen       total 1090048K, used 771600K [0x0000000080000000, 0x00000000c2880000, 0x00000000d5580000)
  object space 1090048K, 70% used [0x0000000080000000,0x00000000af184158,0x00000000c2880000)
 Metaspace       used 87959K, committed 89856K, reserved 1179648K
  class space    used 8884K, committed 9792K, reserved 1048576K
GC Heap History (20 events):
Event: 2249.934 GC heap before
{Heap before GC invocations=1860 (full 5):
 PSYoungGen      total 6144K, used 4879K [0x00000000d5580000, 0x00000000d5d80000, 0x0000000100000000)
  eden space 5120K, 85% used [0x00000000d5580000,0x00000000d59c3ec8,0x00000000d5a80000)
  from space 1024K, 50% used [0x00000000d5b80000,0x00000000d5c00000,0x00000000d5c80000)
  to   space 1024K, 0% used [0x00000000d5a80000,0x00000000d5a80000,0x00000000d5b80000)
 ParOldGen       total 1090048K, used 766369K [0x0000000080000000, 0x00000000c2880000, 0x00000000d5580000)
  object space 1090048K, 70% used [0x0000000080000000,0x00000000aec68680,0x00000000c2880000)
 Metaspace       used 87937K, committed 89792K, reserved 1179648K
  class space    used 8884K, committed 9792K, reserved 1048576K
}
Event: 2249.935 GC heap after
{Heap after GC invocations=1860 (full 5):
 PSYoungGen      total 6144K, used 538K [0x00000000d5580000, 0x00000000d5c80000, 0x0000000100000000)
  eden space 5120K, 0% used [0x00000000d5580000,0x00000000d5580000,0x00000000d5a80000)
  from space 1024K, 52% used [0x00000000d5a80000,0x00000000d5b06900,0x00000000d5b80000)
  to   space 1024K, 0% used [0x00000000d5b80000,0x00000000d5b80000,0x00000000d5c80000)
 ParOldGen       total 1090048K, used 766769K [0x0000000080000000, 0x00000000c2880000, 0x00000000d5580000)
  object space 1090048K, 70% used [0x0000000080000000,0x00000000aeccc680,0x00000000c2880000)
 Metaspace       used 87937K, committed 89792K, reserved 1179648K
  class space    used 8884K, committed 9792K, reserved 1048576K
}
Event: 2249.940 GC heap before
{Heap before GC invocations=1861 (full 5):
 PSYoungGen      total 6144K, used 5658K [0x00000000d5580000, 0x00000000d5c80000, 0x0000000100000000)
  eden space 5120K, 100% used [0x00000000d5580000,0x00000000d5a80000,0x00000000d5a80000)
  from space 1024K, 52% used [0x00000000d5a80000,0x00000000d5b06900,0x00000000d5b80000)
  to   space 1024K, 0% used [0x00000000d5b80000,0x00000000d5b80000,0x00000000d5c80000)
 ParOldGen       total 1090048K, used 766769K [0x0000000080000000, 0x00000000c2880000, 0x00000000d5580000)
  object space 1090048K, 70% used [0x0000000080000000,0x00000000aeccc680,0x00000000c2880000)
 Metaspace       used 87937K, committed 89792K, reserved 1179648K
  class space    used 8884K, committed 9792K, reserved 1048576K
}
Event: 2249.942 GC heap after
{Heap after GC invocations=1861 (full 5):
 PSYoungGen      total 5632K, used 480K [0x00000000d5580000, 0x00000000d5c00000, 0x0000000100000000)
  eden space 5120K, 0% used [0x00000000d5580000,0x00000000d5580000,0x00000000d5a80000)
  from space 512K, 93% used [0x00000000d5b80000,0x00000000d5bf8000,0x00000000d5c00000)
  to   space 512K, 0% used [0x00000000d5b00000,0x00000000d5b00000,0x00000000d5b80000)
 ParOldGen       total 1090048K, used 767158K [0x0000000080000000, 0x00000000c2880000, 0x00000000d5580000)
  object space 1090048K, 70% used [0x0000000080000000,0x00000000aed2d880,0x00000000c2880000)
 Metaspace       used 87937K, committed 89792K, reserved 1179648K
  class space    used 8884K, committed 9792K, reserved 1048576K
}
Event: 2249.949 GC heap before
{Heap before GC invocations=1862 (full 5):
 PSYoungGen      total 5632K, used 4852K [0x00000000d5580000, 0x00000000d5c00000, 0x0000000100000000)
  eden space 5120K, 85% used [0x00000000d5580000,0x00000000d59c5100,0x00000000d5a80000)
  from space 512K, 93% used [0x00000000d5b80000,0x00000000d5bf8000,0x00000000d5c00000)
  to   space 512K, 0% used [0x00000000d5b00000,0x00000000d5b00000,0x00000000d5b80000)
 ParOldGen       total 1090048K, used 767158K [0x0000000080000000, 0x00000000c2880000, 0x00000000d5580000)
  object space 1090048K, 70% used [0x0000000080000000,0x00000000aed2d880,0x00000000c2880000)
 Metaspace       used 87939K, committed 89792K, reserved 1179648K
  class space    used 8884K, committed 9792K, reserved 1048576K
}
Event: 2249.951 GC heap after
{Heap after GC invocations=1862 (full 5):
 PSYoungGen      total 6144K, used 506K [0x00000000d5580000, 0x00000000d5c80000, 0x0000000100000000)
  eden space 5632K, 0% used [0x00000000d5580000,0x00000000d5580000,0x00000000d5b00000)
  from space 512K, 98% used [0x00000000d5b00000,0x00000000d5b7e900,0x00000000d5b80000)
  to   space 512K, 0% used [0x00000000d5c00000,0x00000000d5c00000,0x00000000d5c80000)
 ParOldGen       total 1090048K, used 767550K [0x0000000080000000, 0x00000000c2880000, 0x00000000d5580000)
  object space 1090048K, 70% used [0x0000000080000000,0x00000000aed8f880,0x00000000c2880000)
 Metaspace       used 87939K, committed 89792K, reserved 1179648K
  class space    used 8884K, committed 9792K, reserved 1048576K
}
Event: 2249.958 GC heap before
{Heap before GC invocations=1863 (full 5):
 PSYoungGen      total 6144K, used 6138K [0x00000000d5580000, 0x00000000d5c80000, 0x0000000100000000)
  eden space 5632K, 100% used [0x00000000d5580000,0x00000000d5b00000,0x00000000d5b00000)
  from space 512K, 98% used [0x00000000d5b00000,0x00000000d5b7e900,0x00000000d5b80000)
  to   space 512K, 0% used [0x00000000d5c00000,0x00000000d5c00000,0x00000000d5c80000)
 ParOldGen       total 1090048K, used 767550K [0x0000000080000000, 0x00000000c2880000, 0x00000000d5580000)
  object space 1090048K, 70% used [0x0000000080000000,0x00000000aed8f880,0x00000000c2880000)
 Metaspace       used 87939K, committed 89792K, reserved 1179648K
  class space    used 8884K, committed 9792K, reserved 1048576K
}
Event: 2249.960 GC heap after
{Heap after GC invocations=1863 (full 5):
 PSYoungGen      total 6144K, used 512K [0x00000000d5580000, 0x00000000d5e80000, 0x0000000100000000)
  eden space 5632K, 0% used [0x00000000d5580000,0x00000000d5580000,0x00000000d5b00000)
  from space 512K, 100% used [0x00000000d5c00000,0x00000000d5c80000,0x00000000d5c80000)
  to   space 1024K, 0% used [0x00000000d5b00000,0x00000000d5b00000,0x00000000d5c00000)
 ParOldGen       total 1090048K, used 767962K [0x0000000080000000, 0x00000000c2880000, 0x00000000d5580000)
  object space 1090048K, 70% used [0x0000000080000000,0x00000000aedf6a80,0x00000000c2880000)
 Metaspace       used 87939K, committed 89792K, reserved 1179648K
  class space    used 8884K, committed 9792K, reserved 1048576K
}
Event: 2249.972 GC heap before
{Heap before GC invocations=1864 (full 5):
 PSYoungGen      total 6144K, used 6135K [0x00000000d5580000, 0x00000000d5e80000, 0x0000000100000000)
  eden space 5632K, 99% used [0x00000000d5580000,0x00000000d5afde28,0x00000000d5b00000)
  from space 512K, 100% used [0x00000000d5c00000,0x00000000d5c80000,0x00000000d5c80000)
  to   space 1024K, 0% used [0x00000000d5b00000,0x00000000d5b00000,0x00000000d5c00000)
 ParOldGen       total 1090048K, used 767962K [0x0000000080000000, 0x00000000c2880000, 0x00000000d5580000)
  object space 1090048K, 70% used [0x0000000080000000,0x00000000aedf6a80,0x00000000c2880000)
 Metaspace       used 87939K, committed 89792K, reserved 1179648K
  class space    used 8884K, committed 9792K, reserved 1048576K
}
Event: 2249.974 GC heap after
{Heap after GC invocations=1864 (full 5):
 PSYoungGen      total 6656K, used 880K [0x00000000d5580000, 0x00000000d5d00000, 0x0000000100000000)
  eden space 5632K, 0% used [0x00000000d5580000,0x00000000d5580000,0x00000000d5b00000)
  from space 1024K, 86% used [0x00000000d5b00000,0x00000000d5bdc390,0x00000000d5c00000)
  to   space 1024K, 0% used [0x00000000d5c00000,0x00000000d5c00000,0x00000000d5d00000)
 ParOldGen       total 1090048K, used 769865K [0x0000000080000000, 0x00000000c2880000, 0x00000000d5580000)
  object space 1090048K, 70% used [0x0000000080000000,0x00000000aefd2538,0x00000000c2880000)
 Metaspace       used 87939K, committed 89792K, reserved 1179648K
  class space    used 8884K, committed 9792K, reserved 1048576K
}
Event: 2249.986 GC heap before
{Heap before GC invocations=1865 (full 5):
 PSYoungGen      total 6656K, used 6512K [0x00000000d5580000, 0x00000000d5d00000, 0x0000000100000000)
  eden space 5632K, 100% used [0x00000000d5580000,0x00000000d5b00000,0x00000000d5b00000)
  from space 1024K, 86% used [0x00000000d5b00000,0x00000000d5bdc390,0x00000000d5c00000)
  to   space 1024K, 0% used [0x00000000d5c00000,0x00000000d5c00000,0x00000000d5d00000)
 ParOldGen       total 1090048K, used 769865K [0x0000000080000000, 0x00000000c2880000, 0x00000000d5580000)
  object space 1090048K, 70% used [0x0000000080000000,0x00000000aefd2538,0x00000000c2880000)
 Metaspace       used 87956K, committed 89856K, reserved 1179648K
  class space    used 8884K, committed 9792K, reserved 1048576K
}
Event: 2249.987 GC heap after
{Heap after GC invocations=1865 (full 5):
 PSYoungGen      total 6144K, used 288K [0x00000000d5580000, 0x00000000d5c80000, 0x0000000100000000)
  eden space 5632K, 0% used [0x00000000d5580000,0x00000000d5580000,0x00000000d5b00000)
  from space 512K, 56% used [0x00000000d5c00000,0x00000000d5c48000,0x00000000d5c80000)
  to   space 512K, 0% used [0x00000000d5b80000,0x00000000d5b80000,0x00000000d5c00000)
 ParOldGen       total 1090048K, used 770018K [0x0000000080000000, 0x00000000c2880000, 0x00000000d5580000)
  object space 1090048K, 70% used [0x0000000080000000,0x00000000aeff8948,0x00000000c2880000)
 Metaspace       used 87956K, committed 89856K, reserved 1179648K
  class space    used 8884K, committed 9792K, reserved 1048576K
}
Event: 2251.252 GC heap before
{Heap before GC invocations=1866 (full 5):
 PSYoungGen      total 6144K, used 5920K [0x00000000d5580000, 0x00000000d5c80000, 0x0000000100000000)
  eden space 5632K, 100% used [0x00000000d5580000,0x00000000d5b00000,0x00000000d5b00000)
  from space 512K, 56% used [0x00000000d5c00000,0x00000000d5c48000,0x00000000d5c80000)
  to   space 512K, 0% used [0x00000000d5b80000,0x00000000d5b80000,0x00000000d5c00000)
 ParOldGen       total 1090048K, used 770018K [0x0000000080000000, 0x00000000c2880000, 0x00000000d5580000)
  object space 1090048K, 70% used [0x0000000080000000,0x00000000aeff8948,0x00000000c2880000)
 Metaspace       used 87956K, committed 89856K, reserved 1179648K
  class space    used 8884K, committed 9792K, reserved 1048576K
}
Event: 2251.255 GC heap after
{Heap after GC invocations=1866 (full 5):
 PSYoungGen      total 6144K, used 506K [0x00000000d5580000, 0x00000000d5e00000, 0x0000000100000000)
  eden space 5632K, 0% used [0x00000000d5580000,0x00000000d5580000,0x00000000d5b00000)
  from space 512K, 98% used [0x00000000d5b80000,0x00000000d5bfe900,0x00000000d5c00000)
  to   space 1536K, 0% used [0x00000000d5c80000,0x00000000d5c80000,0x00000000d5e00000)
 ParOldGen       total 1090048K, used 770476K [0x0000000080000000, 0x00000000c2880000, 0x00000000d5580000)
  object space 1090048K, 70% used [0x0000000080000000,0x00000000af06b0e0,0x00000000c2880000)
 Metaspace       used 87956K, committed 89856K, reserved 1179648K
  class space    used 8884K, committed 9792K, reserved 1048576K
}
Event: 2251.268 GC heap before
{Heap before GC invocations=1867 (full 5):
 PSYoungGen      total 6144K, used 6138K [0x00000000d5580000, 0x00000000d5e00000, 0x0000000100000000)
  eden space 5632K, 100% used [0x00000000d5580000,0x00000000d5b00000,0x00000000d5b00000)
  from space 512K, 98% used [0x00000000d5b80000,0x00000000d5bfe900,0x00000000d5c00000)
  to   space 1536K, 0% used [0x00000000d5c80000,0x00000000d5c80000,0x00000000d5e00000)
 ParOldGen       total 1090048K, used 770476K [0x0000000080000000, 0x00000000c2880000, 0x00000000d5580000)
  object space 1090048K, 70% used [0x0000000080000000,0x00000000af06b0e0,0x00000000c2880000)
 Metaspace       used 87956K, committed 89856K, reserved 1179648K
  class space    used 8884K, committed 9792K, reserved 1048576K
}
Event: 2251.270 GC heap after
{Heap after GC invocations=1867 (full 5):
 PSYoungGen      total 7168K, used 1249K [0x00000000d5580000, 0x00000000d5e00000, 0x0000000100000000)
  eden space 5632K, 0% used [0x00000000d5580000,0x00000000d5580000,0x00000000d5b00000)
  from space 1536K, 81% used [0x00000000d5c80000,0x00000000d5db86e0,0x00000000d5e00000)
  to   space 1536K, 0% used [0x00000000d5b00000,0x00000000d5b00000,0x00000000d5c80000)
 ParOldGen       total 1090048K, used 770773K [0x0000000080000000, 0x00000000c2880000, 0x00000000d5580000)
  object space 1090048K, 70% used [0x0000000080000000,0x00000000af0b5550,0x00000000c2880000)
 Metaspace       used 87956K, committed 89856K, reserved 1179648K
  class space    used 8884K, committed 9792K, reserved 1048576K
}
Event: 2251.282 GC heap before
{Heap before GC invocations=1868 (full 5):
 PSYoungGen      total 7168K, used 6881K [0x00000000d5580000, 0x00000000d5e00000, 0x0000000100000000)
  eden space 5632K, 100% used [0x00000000d5580000,0x00000000d5b00000,0x00000000d5b00000)
  from space 1536K, 81% used [0x00000000d5c80000,0x00000000d5db86e0,0x00000000d5e00000)
  to   space 1536K, 0% used [0x00000000d5b00000,0x00000000d5b00000,0x00000000d5c80000)
 ParOldGen       total 1090048K, used 770773K [0x0000000080000000, 0x00000000c2880000, 0x00000000d5580000)
  object space 1090048K, 70% used [0x0000000080000000,0x00000000af0b5550,0x00000000c2880000)
 Metaspace       used 87956K, committed 89856K, reserved 1179648K
  class space    used 8884K, committed 9792K, reserved 1048576K
}
Event: 2251.283 GC heap after
{Heap after GC invocations=1868 (full 5):
 PSYoungGen      total 6656K, used 826K [0x00000000d5580000, 0x00000000d5d00000, 0x0000000100000000)
  eden space 5632K, 0% used [0x00000000d5580000,0x00000000d5580000,0x00000000d5b00000)
  from space 1024K, 80% used [0x00000000d5b00000,0x00000000d5bce900,0x00000000d5c00000)
  to   space 1024K, 0% used [0x00000000d5c00000,0x00000000d5c00000,0x00000000d5d00000)
 ParOldGen       total 1090048K, used 770885K [0x0000000080000000, 0x00000000c2880000, 0x00000000d5580000)
  object space 1090048K, 70% used [0x0000000080000000,0x00000000af0d1550,0x00000000c2880000)
 Metaspace       used 87956K, committed 89856K, reserved 1179648K
  class space    used 8884K, committed 9792K, reserved 1048576K
}
Event: 2251.294 GC heap before
{Heap before GC invocations=1869 (full 5):
 PSYoungGen      total 6656K, used 6458K [0x00000000d5580000, 0x00000000d5d00000, 0x0000000100000000)
  eden space 5632K, 100% used [0x00000000d5580000,0x00000000d5b00000,0x00000000d5b00000)
  from space 1024K, 80% used [0x00000000d5b00000,0x00000000d5bce900,0x00000000d5c00000)
  to   space 1024K, 0% used [0x00000000d5c00000,0x00000000d5c00000,0x00000000d5d00000)
 ParOldGen       total 1090048K, used 770885K [0x0000000080000000, 0x00000000c2880000, 0x00000000d5580000)
  object space 1090048K, 70% used [0x0000000080000000,0x00000000af0d1550,0x00000000c2880000)
 Metaspace       used 87959K, committed 89856K, reserved 1179648K
  class space    used 8884K, committed 9792K, reserved 1048576K
}
Event: 2251.296 GC heap after
{Heap after GC invocations=1869 (full 5):
 PSYoungGen      total 6656K, used 961K [0x00000000d5580000, 0x00000000d5d00000, 0x0000000100000000)
  eden space 5632K, 0% used [0x00000000d5580000,0x00000000d5580000,0x00000000d5b00000)
  from space 1024K, 93% used [0x00000000d5c00000,0x00000000d5cf06e0,0x00000000d5d00000)
  to   space 1024K, 0% used [0x00000000d5b00000,0x00000000d5b00000,0x00000000d5c00000)
 ParOldGen       total 1090048K, used 771600K [0x0000000080000000, 0x00000000c2880000, 0x00000000d5580000)
  object space 1090048K, 70% used [0x0000000080000000,0x00000000af184158,0x00000000c2880000)
 Metaspace       used 87959K, committed 89856K, reserved 1179648K
  class space    used 8884K, committed 9792K, reserved 1048576K
}

